#-----------------------------------------------------------
# Vivado v2019.2 (64-bit)
# SW Build 2708876 on Wed Nov  6 21:40:23 MST 2019
# IP Build 2700528 on Thu Nov  7 00:09:20 MST 2019
# Start of session at: Thu Nov 12 17:53:57 2020
# Process ID: 844
# Current directory: C:/Users/fanqi/Documents/GitHub/DynamicBranchPrediction/src/xpr
# Command line: vivado.exe -gui_launcher_event rodinguilauncherevent6036 C:\Users\fanqi\Documents\GitHub\DynamicBranchPrediction\src\xpr\lab_4.xpr
# Log file: C:/Users/fanqi/Documents/GitHub/DynamicBranchPrediction/src/xpr/vivado.log
# Journal file: C:/Users/fanqi/Documents/GitHub/DynamicBranchPrediction/src/xpr\vivado.jou
#-----------------------------------------------------------
start_gui
open_project C:/Users/fanqi/Documents/GitHub/DynamicBranchPrediction/src/xpr/lab_4.xpr
Scanning sources...
Finished scanning sources
INFO: [IP_Flow 19-234] Refreshing IP repositories
INFO: [IP_Flow 19-1704] No user IP repositories specified
INFO: [IP_Flow 19-2313] Loaded Vivado IP repository 'C:/Xilinx/Vivado/2019.2/data/ip'.
open_project: Time (s): cpu = 00:00:13 ; elapsed = 00:00:08 . Memory (MB): peak = 887.297 ; gain = 239.320
update_compile_order -fileset sources_1
launch_simulation
Command: launch_simulation 
INFO: [Vivado 12-5698] Checking validity of IPs in the design for the 'XSim' simulator...
INFO: [Vivado 12-5682] Launching behavioral simulation in 'C:/Users/fanqi/Documents/GitHub/DynamicBranchPrediction/src/xpr/lab_4.sim/sim_1/behav/xsim'
INFO: [Vivado 12-4795] Using compiled simulation libraries for IPs
INFO: [SIM-utils-51] Simulation object is 'sim_1'
INFO: [USF-XSim-7] Finding pre-compiled libraries...
INFO: [USF-XSim-11] File 'C:/Xilinx/Vivado/2019.2/data/xsim/xsim.ini' copied to run dir:'C:/Users/fanqi/Documents/GitHub/DynamicBranchPrediction/src/xpr/lab_4.sim/sim_1/behav/xsim'
INFO: [SIM-utils-54] Inspecting design source files for 'testbench' in fileset 'sim_1'...
INFO: [SIM-utils-43] Exported 'C:/Users/fanqi/Documents/GitHub/DynamicBranchPrediction/src/xpr/lab_4.sim/sim_1/behav/xsim/inst_mem.mif'
INFO: [SIM-utils-43] Exported 'C:/Users/fanqi/Documents/GitHub/DynamicBranchPrediction/src/xpr/lab_4.sim/sim_1/behav/xsim/mipstest.coe'
INFO: [USF-XSim-97] Finding global include files...
INFO: [USF-XSim-98] Fetching design files from 'sim_1'...
INFO: [USF-XSim-2] XSim::Compile design
INFO: [USF-XSim-61] Executing 'COMPILE and ANALYZE' step in 'C:/Users/fanqi/Documents/GitHub/DynamicBranchPrediction/src/xpr/lab_4.sim/sim_1/behav/xsim'
"xvlog --incr --relax -prj testbench_vlog.prj"
INFO: [VRFC 10-2263] Analyzing Verilog file "C:/Users/fanqi/Documents/GitHub/DynamicBranchPrediction/src/xpr/lab_4.srcs/sources_1/ip/data_mem/sim/data_mem.v" into library xil_defaultlib
INFO: [VRFC 10-311] analyzing module data_mem
INFO: [VRFC 10-2263] Analyzing Verilog file "C:/Users/fanqi/Documents/GitHub/DynamicBranchPrediction/src/xpr/lab_4.srcs/sources_1/ip/inst_mem/sim/inst_mem.v" into library xil_defaultlib
INFO: [VRFC 10-311] analyzing module inst_mem
INFO: [VRFC 10-2263] Analyzing Verilog file "C:/Users/fanqi/Documents/GitHub/DynamicBranchPrediction/src/rtl/adder.v" into library xil_defaultlib
INFO: [VRFC 10-311] analyzing module adder
INFO: [VRFC 10-2263] Analyzing Verilog file "C:/Users/fanqi/Documents/GitHub/DynamicBranchPrediction/src/rtl/alu.v" into library xil_defaultlib
INFO: [VRFC 10-311] analyzing module alu
INFO: [VRFC 10-2263] Analyzing Verilog file "C:/Users/fanqi/Documents/GitHub/DynamicBranchPrediction/src/rtl/aludec.v" into library xil_defaultlib
INFO: [VRFC 10-311] analyzing module aludec
INFO: [VRFC 10-2263] Analyzing Verilog file "C:/Users/fanqi/Documents/GitHub/DynamicBranchPrediction/src/rtl/branchpre.v" into library xil_defaultlib
INFO: [VRFC 10-311] analyzing module branch_predict
INFO: [VRFC 10-2458] undeclared symbol branchD, assumed default net type wire [C:/Users/fanqi/Documents/GitHub/DynamicBranchPrediction/src/rtl/branchpre.v:30]
INFO: [VRFC 10-2263] Analyzing Verilog file "C:/Users/fanqi/Documents/GitHub/DynamicBranchPrediction/src/rtl/controller.v" into library xil_defaultlib
INFO: [VRFC 10-311] analyzing module controller
INFO: [VRFC 10-2263] Analyzing Verilog file "C:/Users/fanqi/Documents/GitHub/DynamicBranchPrediction/src/rtl/datapath.v" into library xil_defaultlib
INFO: [VRFC 10-311] analyzing module datapath
WARNING: [VRFC 10-3676] redeclaration of ansi port 'stallF' is not allowed [C:/Users/fanqi/Documents/GitHub/DynamicBranchPrediction/src/rtl/datapath.v:44]
WARNING: [VRFC 10-3676] redeclaration of ansi port 'stallD' is not allowed [C:/Users/fanqi/Documents/GitHub/DynamicBranchPrediction/src/rtl/datapath.v:53]
INFO: [VRFC 10-2458] undeclared symbol branchM, assumed default net type wire [C:/Users/fanqi/Documents/GitHub/DynamicBranchPrediction/src/rtl/datapath.v:97]
INFO: [VRFC 10-2458] undeclared symbol pcM, assumed default net type wire [C:/Users/fanqi/Documents/GitHub/DynamicBranchPrediction/src/rtl/datapath.v:100]
WARNING: [VRFC 10-2938] 'pcM' is already implicitly declared on line 100 [C:/Users/fanqi/Documents/GitHub/DynamicBranchPrediction/src/rtl/datapath.v:149]
WARNING: [VRFC 10-2938] 'branchM' is already implicitly declared on line 97 [C:/Users/fanqi/Documents/GitHub/DynamicBranchPrediction/src/rtl/datapath.v:169]
WARNING: [VRFC 10-3380] identifier 'equalE' is used before its declaration [C:/Users/fanqi/Documents/GitHub/DynamicBranchPrediction/src/rtl/datapath.v:84]
INFO: [VRFC 10-2263] Analyzing Verilog file "C:/Users/fanqi/Documents/GitHub/DynamicBranchPrediction/src/rtl/eqcmp.v" into library xil_defaultlib
INFO: [VRFC 10-311] analyzing module eqcmp
INFO: [VRFC 10-2263] Analyzing Verilog file "C:/Users/fanqi/Documents/GitHub/DynamicBranchPrediction/src/rtl/flopenr.v" into library xil_defaultlib
INFO: [VRFC 10-311] analyzing module flopenr
INFO: [VRFC 10-2263] Analyzing Verilog file "C:/Users/fanqi/Documents/GitHub/DynamicBranchPrediction/src/rtl/flopenrc.v" into library xil_defaultlib
INFO: [VRFC 10-311] analyzing module flopenrc
INFO: [VRFC 10-2263] Analyzing Verilog file "C:/Users/fanqi/Documents/GitHub/DynamicBranchPrediction/src/rtl/flopr.v" into library xil_defaultlib
INFO: [VRFC 10-311] analyzing module flopr
INFO: [VRFC 10-2263] Analyzing Verilog file "C:/Users/fanqi/Documents/GitHub/DynamicBranchPrediction/src/rtl/floprc.v" into library xil_defaultlib
INFO: [VRFC 10-311] analyzing module floprc
INFO: [VRFC 10-2263] Analyzing Verilog file "C:/Users/fanqi/Documents/GitHub/DynamicBranchPrediction/src/rtl/hazard.v" into library xil_defaultlib
INFO: [VRFC 10-311] analyzing module hazard
INFO: [VRFC 10-2263] Analyzing Verilog file "C:/Users/fanqi/Documents/GitHub/DynamicBranchPrediction/src/rtl/maindec.v" into library xil_defaultlib
INFO: [VRFC 10-311] analyzing module maindec
INFO: [VRFC 10-2263] Analyzing Verilog file "C:/Users/fanqi/Documents/GitHub/DynamicBranchPrediction/src/rtl/mips.v" into library xil_defaultlib
INFO: [VRFC 10-311] analyzing module mips
WARNING: [VRFC 10-3676] redeclaration of ansi port 'flushE' is not allowed [C:/Users/fanqi/Documents/GitHub/DynamicBranchPrediction/src/rtl/mips.v:25]
INFO: [VRFC 10-2458] undeclared symbol branchD, assumed default net type wire [C:/Users/fanqi/Documents/GitHub/DynamicBranchPrediction/src/rtl/mips.v:32]
INFO: [VRFC 10-2458] undeclared symbol jumpD, assumed default net type wire [C:/Users/fanqi/Documents/GitHub/DynamicBranchPrediction/src/rtl/mips.v:32]
INFO: [VRFC 10-2263] Analyzing Verilog file "C:/Users/fanqi/Documents/GitHub/DynamicBranchPrediction/src/rtl/mux2.v" into library xil_defaultlib
INFO: [VRFC 10-311] analyzing module mux2
INFO: [VRFC 10-2263] Analyzing Verilog file "C:/Users/fanqi/Documents/GitHub/DynamicBranchPrediction/src/rtl/mux3.v" into library xil_defaultlib
INFO: [VRFC 10-311] analyzing module mux3
INFO: [VRFC 10-2263] Analyzing Verilog file "C:/Users/fanqi/Documents/GitHub/DynamicBranchPrediction/src/rtl/pc.v" into library xil_defaultlib
INFO: [VRFC 10-311] analyzing module pc
INFO: [VRFC 10-2263] Analyzing Verilog file "C:/Users/fanqi/Documents/GitHub/DynamicBranchPrediction/src/rtl/regfile.v" into library xil_defaultlib
INFO: [VRFC 10-311] analyzing module regfile
INFO: [VRFC 10-2263] Analyzing Verilog file "C:/Users/fanqi/Documents/GitHub/DynamicBranchPrediction/src/rtl/signext.v" into library xil_defaultlib
INFO: [VRFC 10-311] analyzing module signext
INFO: [VRFC 10-2263] Analyzing Verilog file "C:/Users/fanqi/Documents/GitHub/DynamicBranchPrediction/src/rtl/sl2.v" into library xil_defaultlib
INFO: [VRFC 10-311] analyzing module sl2
INFO: [VRFC 10-2263] Analyzing Verilog file "C:/Users/fanqi/Documents/GitHub/DynamicBranchPrediction/src/rtl/top.v" into library xil_defaultlib
INFO: [VRFC 10-311] analyzing module top
WARNING: [VRFC 10-3676] redeclaration of ansi port 'pc' is not allowed [C:/Users/fanqi/Documents/GitHub/DynamicBranchPrediction/src/rtl/top.v:19]
INFO: [VRFC 10-2263] Analyzing Verilog file "C:/Users/fanqi/Documents/GitHub/DynamicBranchPrediction/src/sim/testbench.v" into library xil_defaultlib
INFO: [VRFC 10-311] analyzing module testbench
INFO: [USF-XSim-69] 'compile' step finished in '4' seconds
INFO: [USF-XSim-3] XSim::Elaborate design
INFO: [USF-XSim-61] Executing 'ELABORATE' step in 'C:/Users/fanqi/Documents/GitHub/DynamicBranchPrediction/src/xpr/lab_4.sim/sim_1/behav/xsim'
"xelab -wto 3bb9b409a0d644e9b607ef9d05d023cc --incr --debug typical --relax --mt 2 -L blk_mem_gen_v8_4_4 -L xil_defaultlib -L unisims_ver -L unimacro_ver -L secureip -L xpm --snapshot testbench_behav xil_defaultlib.testbench xil_defaultlib.glbl -log elaborate.log"
Vivado Simulator 2019.2
Copyright 1986-1999, 2001-2019 Xilinx, Inc. All Rights Reserved.
Running: C:/Xilinx/Vivado/2019.2/bin/unwrapped/win64.o/xelab.exe -wto 3bb9b409a0d644e9b607ef9d05d023cc --incr --debug typical --relax --mt 2 -L blk_mem_gen_v8_4_4 -L xil_defaultlib -L unisims_ver -L unimacro_ver -L secureip -L xpm --snapshot testbench_behav xil_defaultlib.testbench xil_defaultlib.glbl -log elaborate.log 
Using 2 slave threads.
Starting static elaboration
Pass Through NonSizing Optimizer
WARNING: [VRFC 10-3091] actual bit length 3 differs from formal bit length 8 for port 'd' [C:/Users/fanqi/Documents/GitHub/DynamicBranchPrediction/src/rtl/controller.v:59]
WARNING: [VRFC 10-3091] actual bit length 3 differs from formal bit length 8 for port 'q' [C:/Users/fanqi/Documents/GitHub/DynamicBranchPrediction/src/rtl/controller.v:60]
WARNING: [VRFC 10-3091] actual bit length 2 differs from formal bit length 8 for port 'd' [C:/Users/fanqi/Documents/GitHub/DynamicBranchPrediction/src/rtl/controller.v:65]
WARNING: [VRFC 10-3091] actual bit length 2 differs from formal bit length 8 for port 'q' [C:/Users/fanqi/Documents/GitHub/DynamicBranchPrediction/src/rtl/controller.v:66]
WARNING: [VRFC 10-3091] actual bit length 1 differs from formal bit length 32 for port 'd' [C:/Users/fanqi/Documents/GitHub/DynamicBranchPrediction/src/rtl/datapath.v:167]
WARNING: [VRFC 10-3091] actual bit length 1 differs from formal bit length 32 for port 'd' [C:/Users/fanqi/Documents/GitHub/DynamicBranchPrediction/src/rtl/datapath.v:170]
WARNING: [VRFC 10-3091] actual bit length 1 differs from formal bit length 32 for port 'd' [C:/Users/fanqi/Documents/GitHub/DynamicBranchPrediction/src/rtl/datapath.v:171]
WARNING: [VRFC 10-3091] actual bit length 1 differs from formal bit length 32 for port 'd' [C:/Users/fanqi/Documents/GitHub/DynamicBranchPrediction/src/rtl/datapath.v:174]
WARNING: [VRFC 10-3091] actual bit length 1 differs from formal bit length 32 for port 'd' [C:/Users/fanqi/Documents/GitHub/DynamicBranchPrediction/src/rtl/datapath.v:176]
WARNING: [VRFC 10-3091] actual bit length 1 differs from formal bit length 32 for port 'd' [C:/Users/fanqi/Documents/GitHub/DynamicBranchPrediction/src/rtl/datapath.v:178]
Completed static elaboration
Starting simulation data flow analysis
Completed simulation data flow analysis
Time Resolution for simulation is 1ps
Compiling module xil_defaultlib.maindec
Compiling module xil_defaultlib.aludec
Compiling module xil_defaultlib.floprc
Compiling module xil_defaultlib.flopr
Compiling module xil_defaultlib.controller
Compiling module xil_defaultlib.branch_predict
Compiling module xil_defaultlib.hazard
Compiling module xil_defaultlib.mux2(WIDTH=32)
Compiling module xil_defaultlib.regfile
Compiling module xil_defaultlib.pc(WIDTH=32)
Compiling module xil_defaultlib.adder
Compiling module xil_defaultlib.flopenrc(WIDTH=32)
Compiling module xil_defaultlib.floprc(WIDTH=32)
Compiling module xil_defaultlib.flopenr(WIDTH=32)
Compiling module xil_defaultlib.signext
Compiling module xil_defaultlib.sl2
Compiling module xil_defaultlib.eqcmp
Compiling module xil_defaultlib.floprc(WIDTH=5)
Compiling module xil_defaultlib.mux3(WIDTH=32)
Compiling module xil_defaultlib.alu
Compiling module xil_defaultlib.mux2(WIDTH=5)
Compiling module xil_defaultlib.flopr(WIDTH=32)
Compiling module xil_defaultlib.flopr(WIDTH=5)
Compiling module xil_defaultlib.datapath
Compiling module xil_defaultlib.mips
Compiling module blk_mem_gen_v8_4_4.blk_mem_gen_v8_4_4_output_stage(...
Compiling module blk_mem_gen_v8_4_4.blk_mem_gen_v8_4_4_output_stage(...
Compiling module blk_mem_gen_v8_4_4.blk_mem_gen_v8_4_4_softecc_outpu...
Compiling module blk_mem_gen_v8_4_4.blk_mem_gen_v8_4_4_mem_module(C_...
Compiling module blk_mem_gen_v8_4_4.blk_mem_gen_v8_4_4(C_FAMILY="art...
Compiling module xil_defaultlib.inst_mem
Compiling module blk_mem_gen_v8_4_4.blk_mem_gen_v8_4_4_mem_module(C_...
Compiling module blk_mem_gen_v8_4_4.blk_mem_gen_v8_4_4(C_FAMILY="art...
Compiling module xil_defaultlib.data_mem
Compiling module xil_defaultlib.top
Compiling module xil_defaultlib.testbench
Compiling module xil_defaultlib.glbl
Built simulation snapshot testbench_behav

****** Webtalk v2019.2 (64-bit)
  **** SW Build 2708876 on Wed Nov  6 21:40:23 MST 2019
  **** IP Build 2700528 on Thu Nov  7 00:09:20 MST 2019
    ** Copyright 1986-2019 Xilinx, Inc. All Rights Reserved.

source C:/Users/fanqi/Documents/GitHub/DynamicBranchPrediction/src/xpr/lab_4.sim/sim_1/behav/xsim/xsim.dir/testbench_behav/webtalk/xsim_webtalk.tcl -notrace
INFO: [Common 17-186] 'C:/Users/fanqi/Documents/GitHub/DynamicBranchPrediction/src/xpr/lab_4.sim/sim_1/behav/xsim/xsim.dir/testbench_behav/webtalk/usage_statistics_ext_xsim.xml' has been successfully sent to Xilinx on Thu Nov 12 17:55:45 2020. For additional details about this file, please refer to the WebTalk help file at C:/Xilinx/Vivado/2019.2/doc/webtalk_introduction.html.
INFO: [Common 17-206] Exiting Webtalk at Thu Nov 12 17:55:45 2020...
run_program: Time (s): cpu = 00:00:01 ; elapsed = 00:00:10 . Memory (MB): peak = 932.309 ; gain = 0.000
INFO: [USF-XSim-69] 'elaborate' step finished in '10' seconds
INFO: [USF-XSim-4] XSim::Simulate design
INFO: [USF-XSim-61] Executing 'SIMULATE' step in 'C:/Users/fanqi/Documents/GitHub/DynamicBranchPrediction/src/xpr/lab_4.sim/sim_1/behav/xsim'
INFO: [USF-XSim-98] *** Running xsim
   with args "testbench_behav -key {Behavioral:sim_1:Functional:testbench} -tclbatch {testbench.tcl} -view {C:/Users/fanqi/Documents/GitHub/DynamicBranchPrediction/src/xpr/testbench_behav.wcfg} -log {simulate.log}"
INFO: [USF-XSim-8] Loading simulator feature
Vivado Simulator 2019.2
Time resolution is 1 ps
open_wave_config C:/Users/fanqi/Documents/GitHub/DynamicBranchPrediction/src/xpr/testbench_behav.wcfg
open_wave_config: Time (s): cpu = 00:00:06 ; elapsed = 00:00:05 . Memory (MB): peak = 958.184 ; gain = 3.781
source testbench.tcl
# set curr_wave [current_wave_config]
# if { [string length $curr_wave] == 0 } {
#   if { [llength [get_objects]] > 0} {
#     add_wave /
#     set_property needs_save false [current_wave_config]
#   } else {
#      send_msg_id Add_Wave-1 WARNING "No top level signals found. Simulator will start without a wave window. If you want to open a wave window go to 'File->New Waveform Configuration' or type 'create_wave_config' in the TCL console."
#   }
# }
# run 1000ns
 Block Memory Generator module loading initial data...
 Block Memory Generator data initialization complete.
Block Memory Generator module testbench.dut.imem.inst.native_mem_mapped_module.blk_mem_gen_v8_4_4_inst is using a behavioral model for simulation which will not precisely model memory collision behavior.
Block Memory Generator module testbench.dut.dmem.inst.native_mem_mapped_module.blk_mem_gen_v8_4_4_inst is using a behavioral model for simulation which will not precisely model memory collision behavior.
Simulation succeeded
$stop called at time : 770 ns : File "C:/Users/fanqi/Documents/GitHub/DynamicBranchPrediction/src/sim/testbench.v" Line 78
xsim: Time (s): cpu = 00:00:13 ; elapsed = 00:00:09 . Memory (MB): peak = 969.016 ; gain = 36.707
INFO: [USF-XSim-96] XSim completed. Design snapshot 'testbench_behav' loaded.
INFO: [USF-XSim-97] XSim simulation ran for 1000ns
launch_simulation: Time (s): cpu = 00:00:17 ; elapsed = 00:00:24 . Memory (MB): peak = 969.016 ; gain = 53.684
close_sim
INFO: [Simtcl 6-16] Simulation closed
close_sim: Time (s): cpu = 00:00:02 ; elapsed = 00:00:07 . Memory (MB): peak = 992.539 ; gain = 8.551
exit
INFO: [Common 17-206] Exiting Vivado at Thu Nov 12 17:57:29 2020...
